<?xml version="1.0" encoding="UTF-8"?>
<testsuite xmlns:xsi="http://www.w3.org/2001/XMLSchema-instance" xsi:noNamespaceSchemaLocation="https://maven.apache.org/surefire/maven-surefire-plugin/xsd/surefire-test-report-3.0.xsd" version="3.0" name="org.example.CourierLoginTests" time="13.415" tests="4" errors="0" skipped="1" failures="0">
  <properties>
[...]
</properties>
  <testcase name="testCourierCanLogin" classname="org.example.CourierLoginTests" time="4.961">
    <system-out><![CDATA[Request method:	POST
Request URI:	https://qa-scooter.praktikum-services.ru/api/v1/courier
Proxy:			<none>
Request params:	<none>
Query params:	<none>
Form params:	<none>
Path params:	<none>
Headers:		Accept=*/*
				Content-Type=application/json
Cookies:		<none>
Multiparts:		<none>
Body:
{
    "login": "ninja1751794817808",
    "password": "1234",
    "firstName": null
}
HTTP/1.1 201 Created
X-Request-Id: 1751794820020794-14766821724460951311
Content-Type: application/json; charset=utf-8
Access-Control-Allow-Origin: *
Date: Sun, 06 Jul 2025 09:40:20 GMT
Set-Cookie: _yasc=T/fachJtzHFYxYLMUuxRYkk7r+YgF6c4RDyrPpUHUV5yqaZySuTA1bg7XMnT4jenhg==; domain=.praktikum-services.ru; path=/; expires=Wed, 04 Jul 2035 09:40:20 GMT; secure
X-Powered-By: Express
Content-Length: 11
ETag: W/"b-Ai2R8hgEarLmHKwesT1qcY913ys"

{
    "ok": true
}
Created courierId: null
Request method:	POST
Request URI:	https://qa-scooter.praktikum-services.ru/api/v1/courier/login
Proxy:			<none>
Request params:	<none>
Query params:	<none>
Form params:	<none>
Path params:	<none>
Headers:		Accept=*/*
				Content-Type=application/json
Cookies:		<none>
Multiparts:		<none>
Body:
{
    "login": "ninja1751794817808",
    "password": "1234"
}
Request method:	POST
Request URI:	https://qa-scooter.praktikum-services.ru/api/v1/courier/login
Proxy:			<none>
Request params:	<none>
Query params:	<none>
Form params:	<none>
Path params:	<none>
Headers:		Accept=*/*
				Content-Type=application/json
Cookies:		<none>
Multiparts:		<none>
Body:
{
    "login": "ninja1751794817808",
    "password": "1234"
}
]]></system-out>
  </testcase>
  <testcase name="testLoginWithWrongPassword" classname="org.example.CourierLoginTests" time="4.447">
    <system-out><![CDATA[Request method:	POST
Request URI:	https://qa-scooter.praktikum-services.ru/api/v1/courier
Proxy:			<none>
Request params:	<none>
Query params:	<none>
Form params:	<none>
Path params:	<none>
Headers:		Accept=*/*
				Content-Type=application/json
Cookies:		<none>
Multiparts:		<none>
Body:
{
    "login": "ninja1751794822800",
    "password": "1234",
    "firstName": null
}
HTTP/1.1 201 Created
X-Powered-By: Express
Content-Type: application/json; charset=utf-8
ETag: W/"b-Ai2R8hgEarLmHKwesT1qcY913ys"
Access-Control-Allow-Origin: *
X-Request-Id: 1751794825049092-7537778869379556582
Date: Sun, 06 Jul 2025 09:40:25 GMT
Content-Length: 11
Set-Cookie: _yasc=FLSmaMPVSmPMiEuU2vgE14oiEm363QHuH9pReqp1+dIYEg95Q6P1r/25MrGjOG/E; domain=.praktikum-services.ru; path=/; expires=Wed, 04 Jul 2035 09:40:25 GMT; secure

{
    "ok": true
}
Created courierId: null
Request method:	POST
Request URI:	https://qa-scooter.praktikum-services.ru/api/v1/courier/login
Proxy:			<none>
Request params:	<none>
Query params:	<none>
Form params:	<none>
Path params:	<none>
Headers:		Accept=*/*
				Content-Type=application/json
Cookies:		<none>
Multiparts:		<none>
Body:
{
    "login": "ninja1751794822800",
    "password": "1234"
}
Request method:	POST
Request URI:	https://qa-scooter.praktikum-services.ru/api/v1/courier/login
Proxy:			<none>
Request params:	<none>
Query params:	<none>
Form params:	<none>
Path params:	<none>
Headers:		Accept=*/*
				Content-Type=application/json
Cookies:		<none>
Multiparts:		<none>
Body:
{
    "login": "ninja1751794822800",
    "password": "wrong"
}
]]></system-out>
  </testcase>
  <testcase name="testLoginNonExistentUser" classname="org.example.CourierLoginTests" time="4.001">
    <system-out><![CDATA[Request method:	POST
Request URI:	https://qa-scooter.praktikum-services.ru/api/v1/courier
Proxy:			<none>
Request params:	<none>
Query params:	<none>
Form params:	<none>
Path params:	<none>
Headers:		Accept=*/*
				Content-Type=application/json
Cookies:		<none>
Multiparts:		<none>
Body:
{
    "login": "ninja1751794827248",
    "password": "1234",
    "firstName": null
}
HTTP/1.1 201 Created
Content-Type: application/json; charset=utf-8
Set-Cookie: _yasc=aV7COKRC8tklKpFZyxgJBuxlqEKh3pfbi+zs6brOX8SHkKGUUdjQ74jGeBtsvu0k; domain=.praktikum-services.ru; path=/; expires=Wed, 04 Jul 2035 09:40:29 GMT; secure
Date: Sun, 06 Jul 2025 09:40:29 GMT
X-Request-Id: 1751794829569198-10717535650185070197
ETag: W/"b-Ai2R8hgEarLmHKwesT1qcY913ys"
X-Powered-By: Express
Access-Control-Allow-Origin: *
Content-Length: 11

{
    "ok": true
}
Created courierId: null
Request method:	POST
Request URI:	https://qa-scooter.praktikum-services.ru/api/v1/courier/login
Proxy:			<none>
Request params:	<none>
Query params:	<none>
Form params:	<none>
Path params:	<none>
Headers:		Accept=*/*
				Content-Type=application/json
Cookies:		<none>
Multiparts:		<none>
Body:
{
    "login": "ninja1751794827248",
    "password": "1234"
}
Request method:	POST
Request URI:	https://qa-scooter.praktikum-services.ru/api/v1/courier/login
Proxy:			<none>
Request params:	<none>
Query params:	<none>
Form params:	<none>
Path params:	<none>
Headers:		Accept=*/*
				Content-Type=application/json
Cookies:		<none>
Multiparts:		<none>
Body:
{
    "login": "nonexistent1751794829246",
    "password": "1234"
}
]]></system-out>
  </testcase>
  <testcase name="testLoginMissingField" classname="org.example.CourierLoginTests" time="0.0">
    <skipped message="Пропуск из-за SocketTimeoutException на сервере"/>
  </testcase>
</testsuite>