<?xml version="1.0" encoding="UTF-8"?>
<testsuite xmlns:xsi="http://www.w3.org/2001/XMLSchema-instance" xsi:noNamespaceSchemaLocation="https://maven.apache.org/surefire/maven-surefire-plugin/xsd/surefire-test-report-3.0.xsd" version="3.0" name="org.example.OrderListTests" time="28.622" tests="5" errors="0" skipped="1" failures="0">
  <properties>
[...]
</properties>
  <testcase name="testGetOrderListNonExistentCourier" classname="org.example.OrderListTests" time="7.697">
    <system-out><![CDATA[Request method:	POST
Request URI:	https://qa-scooter.praktikum-services.ru/api/v1/courier
Proxy:			<none>
Request params:	<none>
Query params:	<none>
Form params:	<none>
Path params:	<none>
Headers:		Accept=*/*
				Content-Type=application/json
Cookies:		<none>
Multiparts:		<none>
Body:
{
    "login": "ninja1751794780164",
    "password": "1234",
    "firstName": "Saske"
}
Created courierId: null
Request method:	POST
Request URI:	https://qa-scooter.praktikum-services.ru/api/v1/courier/login
Proxy:			<none>
Request params:	<none>
Query params:	<none>
Form params:	<none>
Path params:	<none>
Headers:		Accept=*/*
				Content-Type=application/json
Cookies:		<none>
Multiparts:		<none>
Body:
{
    "login": "ninja1751794780164",
    "password": "1234"
}
Request method:	GET
Request URI:	https://qa-scooter.praktikum-services.ru/api/v1/orders?courierId=999999
Proxy:			<none>
Request params:	<none>
Query params:	courierId=999999
Form params:	<none>
Path params:	<none>
Headers:		Accept=*/*
				Content-Type=application/json
Cookies:		<none>
Multiparts:		<none>
Body:			<none>
{
    "code": 404,
    "message": "Курьер с идентификатором 999999 не найден"
}
]]></system-out>
    <system-err><![CDATA[SLF4J(W): No SLF4J providers were found.
SLF4J(W): Defaulting to no-operation (NOP) logger implementation
SLF4J(W): See https://www.slf4j.org/codes.html#noProviders for further details.
]]></system-err>
  </testcase>
  <testcase name="testGetOrderListWithLimitAndPage" classname="org.example.OrderListTests" time="8.457">
    <system-out><![CDATA[Request method:	POST
Request URI:	https://qa-scooter.praktikum-services.ru/api/v1/courier
Proxy:			<none>
Request params:	<none>
Query params:	<none>
Form params:	<none>
Path params:	<none>
Headers:		Accept=*/*
				Content-Type=application/json
Cookies:		<none>
Multiparts:		<none>
Body:
{
    "login": "ninja1751794787413",
    "password": "1234",
    "firstName": "Saske"
}
Created courierId: null
Request method:	POST
Request URI:	https://qa-scooter.praktikum-services.ru/api/v1/courier/login
Proxy:			<none>
Request params:	<none>
Query params:	<none>
Form params:	<none>
Path params:	<none>
Headers:		Accept=*/*
				Content-Type=application/json
Cookies:		<none>
Multiparts:		<none>
Body:
{
    "login": "ninja1751794787413",
    "password": "1234"
}
Request method:	GET
Request URI:	https://qa-scooter.praktikum-services.ru/api/v1/orders?limit=10&page=0
Proxy:			<none>
Request params:	<none>
Query params:	limit=10
				page=0
Form params:	<none>
Path params:	<none>
Headers:		Accept=*/*
				Content-Type=application/json
Cookies:		<none>
Multiparts:		<none>
Body:			<none>
{
    "orders": [
        {
            "id": 462421,
            "courierId": null,
            "firstName": "еЬзъ",
            "lastName": "ХН",
            "address": "0ЪСгЧчпкйй554ФбЖШЫ2й",
            "metroStation": "78",
            "phone": "00672765757",
            "rentTime": 6,
            "deliveryDate": "2025-05-22T00:00:00.000Z",
            "track": 834836,
            "color": [
                "GREY"
            ],
            "comment": "юЭлу",
            "createdAt": "2025-05-11T09:40:40.115Z",
            "updatedAt": "2025-05-11T09:40:40.115Z",
            "status": 0
        },
        {
            "id": 474707,
            "courierId": null,
            "firstName": "Serg",
            "lastName": "Uchiha",
            "address": "Ugizy, 142 apt.",
            "metroStation": "8",
            "phone": "+7 800 355 35 35",
            "rentTime": 2,
            "deliveryDate": "2025-05-26T00:00:00.000Z",
            "track": 24577,
            "color": [
                "BLACK"
            ],
            "comment": "Jmn bkdk",
            "createdAt": "2025-05-26T18:32:16.562Z",
            "updatedAt": "2025-05-26T18:32:16.562Z",
            "status": 0
        },
        {
            "id": 474845,
            "courierId": null,
            "firstName": "gxfxkenkku",
            "lastName": "kimbqtzxlc",
            "address": "uhnsoiikbb",
            "metroStation": "emxhidsuay",
            "phone": "reybchycoz",
            "rentTime": 23,
            "deliveryDate": "2025-05-27T00:00:00.000Z",
            "track": 848423,
            "color": null,
            "comment": "jeuyqtsgey",
            "createdAt": "2025-05-26T22:49:55.570Z",
            "updatedAt": "2025-05-26T22:49:55.570Z",
            "status": 0
        },
        {
            "id": 474706,
            "courierId": null,
            "firstName": "Иван",
            "lastName": "Иваненко",
            "address": "123456789012345",
            "metroStation": "2",
            "phone": "88055535355",
            "rentTime": 1,
            "deliveryDate": "2025-05-30T19:00:00.000Z",
            "track": 343406,
            "color": [
                
            ],
            "comment": "",
            "createdAt": "2025-05-26T18:31:02.521Z",
            "updatedAt": "2025-05-26T18:31:02.521Z",
            "status": 0
        },
        {
            "id": 418258,
            "courierId": null,
            "firstName": "Petr",
            "lastName": "Petrov",
            "address": "Mars, 12 lunka",
            "metroStation": "Marsianskaya",
            "phone": "+1234567890",
            "rentTime": 3,
            "deliveryDate": "2125-02-10T00:00:00.000Z",
            "track": 102519,
            "color": [
                "BLACK",
                "GREY"
            ],
            "comment": "Bez Ananasov",
            "createdAt": "2025-02-07T10:29:32.743Z",
            "updatedAt": "2025-02-07T10:29:32.743Z",
            "status": 0
        },
        {
            "id": 418259,
            "courierId": null,
            "firstName": "Petr",
            "lastName": "Petrov",
            "address": "Mars, 12 lunka",
            "metroStation": "Marsianskaya",
            "phone": "+1234567890",
            "rentTime": 3,
            "deliveryDate": "2125-02-10T00:00:00.000Z",
            "track": 45992,
            "color": [
                
            ],
            "comment": "Bez Ananasov",
            "createdAt": "2025-02-07T10:29:32.939Z",
            "updatedAt": "2025-02-07T10:29:32.939Z",
            "status": 0
        },
        {
            "id": 418262,
            "courierId": null,
            "firstName": "Petr",
            "lastName": "Petrov",
            "address": "Mars, 12 lunka",
            "metroStation": "Marsianskaya",
            "phone": "+1234567890",
            "rentTime": 3,
            "deliveryDate": "2125-02-10T00:00:00.000Z",
            "track": 140204,
            "color": [
                "BLACK"
            ],
            "comment": "Bez Ananasov",
            "createdAt": "2025-02-07T10:35:12.525Z",
            "updatedAt": "2025-02-07T10:35:12.525Z",
            "status": 0
        },
        {
            "id": 418263,
            "courierId": null,
            "firstName": "Petr",
            "lastName": "Petrov",
            "address": "Mars, 12 lunka",
            "metroStation": "Marsianskaya",
            "phone": "+1234567890",
            "rentTime": 3,
            "deliveryDate": "2125-02-10T00:00:00.000Z",
            "track": 719044,
            "color": [
                "GREY"
            ],
            "comment": "Bez Ananasov",
            "createdAt": "2025-02-07T10:35:12.711Z",
            "updatedAt": "2025-02-07T10:35:12.711Z",
            "status": 0
        },
        {
            "id": 418267,
            "courierId": null,
            "firstName": "Petr",
            "lastName": "Petrov",
            "address": "Mars, 12 lunka",
            "metroStation": "Marsianskaya",
            "phone": "+1234567890",
            "rentTime": 3,
            "deliveryDate": "2125-02-10T00:00:00.000Z",
            "track": 63177,
            "color": [
                "GREY"
            ],
            "comment": "Bez Ananasov",
            "createdAt": "2025-02-07T10:39:11.909Z",
            "updatedAt": "2025-02-07T10:39:11.909Z",
            "status": 0
        },
        {
            "id": 418268,
            "courierId": null,
            "firstName": "Petr",
            "lastName": "Petrov",
            "address": "Mars, 12 lunka",
            "metroStation": "Marsianskaya",
            "phone": "+1234567890",
            "rentTime": 3,
            "deliveryDate": "2125-02-10T00:00:00.000Z",
            "track": 951029,
            "color": [
                "BLACK",
                "GREY"
            ],
            "comment": "Bez Ananasov",
            "createdAt": "2025-02-07T10:39:12.095Z",
            "updatedAt": "2025-02-07T10:39:12.095Z",
            "status": 0
        }
    ],
    "pageInfo": {
        "page": 0,
        "total": 72545,
        "limit": 10
    },
    "availableStations": [
        {
            "name": "Бульвар Рокоссовского",
            "number": "1",
            "color": "#D92B2C"
        },
        {
            "name": "Охотный Ряд",
            "number": "10",
            "color": "#D92B2C"
        },
        {
            "name": "Сухаревская",
            "number": "100",
            "color": "#F07025"
        },
        {
            "name": "Тургеневская",
            "number": "101",
            "color": "#F07025"
        },
        {
            "name": "Китай-город",
            "number": "102",
            "color": "#F07025"
        },
        {
            "name": "Третьяковская",
            "number": "103",
            "color": "#F07025"
        },
        {
            "name": "Октябрьская",
            "number": "104",
            "color": "#F07025"
        },
        {
            "name": "Шаболовская",
            "number": "105",
            "color": "#F07025"
        },
        {
            "name": "Ленинский проспект",
            "number": "106",
            "color": "#F07025"
        },
        {
            "name": "Академическая",
            "number": "107",
            "color": "#F07025"
        },
        {
            "name": "Профсоюзная",
            "number": "108",
            "color": "#F07025"
        },
        {
            "name": "Новые Черёмушки",
            "number": "109",
            "color": "#F07025"
        },
        {
            "name": "Библиотека имени Ленина",
            "number": "11",
            "color": "#D92B2C"
        },
        {
            "name": "Калужская",
            "number": "110",
            "color": "#F07025"
        },
        {
            "name": "Беляево",
            "number": "111",
            "color": "#F07025"
        },
        {
            "name": "Коньково",
            "number": "112",
            "color": "#F07025"
        },
        {
            "name": "Тёплый Стан",
            "number": "113",
            "color": "#F07025"
        },
        {
            "name": "Ясенево",
            "number": "114",
            "color": "#F07025"
        },
        {
            "name": "Новоясеневская",
            "number": "115",
            "color": "#F07025"
        },
        {
            "name": "Планерная",
            "number": "116",
            "color": "#89339E"
        },
        {
            "name": "Сходненская",
            "number": "117",
            "color": "#89339E"
        },
        {
            "name": "Тушинская",
            "number": "118",
            "color": "#89339E"
        },
        {
            "name": "Спартак",
            "number": "119",
            "color": "#89339E"
        },
        {
            "name": "Кропоткинская",
            "number": "12",
            "color": "#D92B2C"
        },
        {
            "name": "Щукинская",
            "number": "120",
            "color": "#89339E"
        },
        {
            "name": "Октябрьское поле",
            "number": "121",
            "color": "#89339E"
        },
        {
            "name": "Полежаевская",
            "number": "122",
            "color": "#89339E"
        },
        {
            "name": "Беговая",
            "number": "123",
            "color": "#89339E"
        },
        {
            "name": "Улица 1905 года",
            "number": "124",
            "color": "#89339E"
        },
        {
            "name": "Баррикадная",
            "number": "125",
            "color": "#89339E"
        },
        {
            "name": "Пушкинская",
            "number": "126",
            "color": "#89339E"
        },
        {
            "name": "Кузнецкий Мост",
            "number": "127",
            "color": "#89339E"
        },
        {
            "name": "Китай-город",
            "number": "128",
            "color": "#89339E"
        },
        {
            "name": "Таганская",
            "number": "129",
            "color": "#89339E"
        },
        {
            "name": "Парк культуры",
            "number": "13",
            "color": "#D92B2C"
        },
        {
            "name": "Пролетарская",
            "number": "130",
            "color": "#89339E"
        },
        {
            "name": "Волгоградский проспект",
            "number": "131",
            "color": "#89339E"
        },
        {
            "name": "Текстильщики",
            "number": "132",
            "color": "#89339E"
        },
        {
            "name": "Кузьминки",
            "number": "133",
            "color": "#89339E"
        },
        {
            "name": "Рязанский проспект",
            "number": "134",
            "color": "#89339E"
        },
        {
            "name": "Выхино",
            "number": "135",
            "color": "#89339E"
        },
        {
            "name": "Лермонтовский проспект",
            "number": "136",
            "color": "#89339E"
        },
        {
            "name": "Жулебино",
            "number": "137",
            "color": "#89339E"
        },
        {
            "name": "Котельники",
            "number": "138",
            "color": "#89339E"
        },
        {
            "name": "Раменки",
            "number": "139",
            "color": "#FBC81E"
        },
        {
            "name": "Фрунзенская",
            "number": "14",
            "color": "#D92B2C"
        },
        {
            "name": "Ломоносовский проспект",
            "number": "140",
            "color": "#FBC81E"
        },
        {
            "name": "Минская",
            "number": "141",
            "color": "#FBC81E"
        },
        {
            "name": "Парк Победы",
            "number": "142",
            "color": "#FBC81E"
        },
        {
            "name": "Деловой центр",
            "number": "143",
            "color": "#FBC81E"
        },
        {
            "name": "Третьяковская",
            "number": "144",
            "color": "#FBC81E"
        },
        {
            "name": "Марксистская",
            "number": "145",
            "color": "#FBC81E"
        },
        {
            "name": "Площадь Ильича",
            "number": "146",
            "color": "#FBC81E"
        },
        {
            "name": "Авиамоторная",
            "number": "147",
            "color": "#FBC81E"
        },
        {
            "name": "Шоссе Энтузиастов",
            "number": "148",
            "color": "#FBC81E"
        },
        {
            "name": "Перово",
            "number": "149",
            "color": "#FBC81E"
        },
        {
            "name": "Спортивная",
            "number": "15",
            "color": "#D92B2C"
        },
        {
            "name": "Новогиреево",
            "number": "150",
            "color": "#FBC81E"
        },
        {
            "name": "Новокосино",
            "number": "151",
            "color": "#FBC81E"
        },
        {
            "name": "Алтуфьево",
            "number": "152",
            "color": "#9F9F9F"
        },
        {
            "name": "Бибирево",
            "number": "153",
            "color": "#9F9F9F"
        },
        {
            "name": "Отрадное",
            "number": "154",
            "color": "#9F9F9F"
        },
        {
            "name": "Владыкино",
            "number": "155",
            "color": "#9F9F9F"
        },
        {
            "name": "Петровско-Разумовская",
            "number": "156",
            "color": "#9F9F9F"
        },
        {
            "name": "Тимирязевская",
            "number": "157",
            "color": "#9F9F9F"
        },
        {
            "name": "Дмитровская",
            "number": "158",
            "color": "#9F9F9F"
        },
        {
            "name": "Савёловская",
            "number": "159",
            "color": "#9F9F9F"
        },
        {
            "name": "Воробьёвы горы",
            "number": "16",
            "color": "#D92B2C"
        },
        {
            "name": "Менделеевская",
            "number": "160",
            "color": "#9F9F9F"
        },
        {
            "name": "Цветной бульвар",
            "number": "161",
            "color": "#9F9F9F"
        },
        {
            "name": "Чеховская",
            "number": "162",
            "color": "#9F9F9F"
        },
        {
            "name": "Боровицкая",
            "number": "163",
            "color": "#9F9F9F"
        },
        {
            "name": "Полянка",
            "number": "164",
            "color": "#9F9F9F"
        },
        {
            "name": "Серпуховская",
            "number": "165",
            "color": "#9F9F9F"
        },
        {
            "name": "Тульская",
            "number": "166",
            "color": "#9F9F9F"
        },
        {
            "name": "Нагатинская",
            "number": "167",
            "color": "#9F9F9F"
        },
        {
            "name": "Нагорная",
            "number": "168",
            "color": "#9F9F9F"
        },
        {
            "name": "Нахимовский проспект",
            "number": "169",
            "color": "#9F9F9F"
        },
        {
            "name": "Университет",
            "number": "17",
            "color": "#D92B2C"
        },
        {
            "name": "Севастопольская",
            "number": "170",
            "color": "#9F9F9F"
        },
        {
            "name": "Чертановская",
            "number": "171",
            "color": "#9F9F9F"
        },
        {
            "name": "Южная",
            "number": "172",
            "color": "#9F9F9F"
        },
        {
            "name": "Пражская",
            "number": "173",
            "color": "#9F9F9F"
        },
        {
            "name": "Улица Академика Янгеля",
            "number": "174",
            "color": "#9F9F9F"
        },
        {
            "name": "Аннино",
            "number": "175",
            "color": "#9F9F9F"
        },
        {
            "name": "Бульвар Дмитрия Донского",
            "number": "176",
            "color": "#9F9F9F"
        },
        {
            "name": "Петровско-Разумовская",
            "number": "177",
            "color": "#A8D92D"
        },
        {
            "name": "Фонвизинская",
            "number": "178",
            "color": "#A8D92D"
        },
        {
            "name": "Бутырская",
            "number": "179",
            "color": "#A8D92D"
        },
        {
            "name": "Проспект Вернадского",
            "number": "18",
            "color": "#D92B2C"
        },
        {
            "name": "Марьина роща",
            "number": "180",
            "color": "#A8D92D"
        },
        {
            "name": "Достоевская",
            "number": "181",
            "color": "#A8D92D"
        },
        {
            "name": "Трубная",
            "number": "182",
            "color": "#A8D92D"
        },
        {
            "name": "Сретенский бульвар",
            "number": "183",
            "color": "#A8D92D"
        },
        {
            "name": "Чкаловская",
            "number": "184",
            "color": "#A8D92D"
        },
        {
            "name": "Римская",
            "number": "185",
            "color": "#A8D92D"
        },
        {
            "name": "Крестьянская застава",
            "number": "186",
            "color": "#A8D92D"
        },
        {
            "name": "Дубровка",
            "number": "187",
            "color": "#A8D92D"
        },
        {
            "name": "Кожуховская",
            "number": "188",
            "color": "#A8D92D"
        },
        {
            "name": "Печатники",
            "number": "189",
            "color": "#A8D92D"
        },
        {
            "name": "Юго-Западная",
            "number": "19",
            "color": "#D92B2C"
        },
        {
            "name": "Волжская",
            "number": "190",
            "color": "#A8D92D"
        },
        {
            "name": "Люблино",
            "number": "191",
            "color": "#A8D92D"
        },
        {
            "name": "Братиславская",
            "number": "192",
            "color": "#A8D92D"
        },
        {
            "name": "Марьино",
            "number": "193",
            "color": "#A8D92D"
        },
        {
            "name": "Борисово",
            "number": "194",
            "color": "#A8D92D"
        },
        {
            "name": "Шипиловская",
            "number": "195",
            "color": "#A8D92D"
        },
        {
            "name": "Зябликово",
            "number": "196",
            "color": "#A8D92D"
        },
        {
            "name": "Каширская",
            "number": "197",
            "color": "#80D4C9"
        },
        {
            "name": "Варшавская",
            "number": "198",
            "color": "#80D4C9"
        },
        {
            "name": "Каховская",
            "number": "199",
            "color": "#80D4C9"
        },
        {
            "name": "Черкизовская",
            "number": "2",
            "color": "#D92B2C"
        },
        {
            "name": "Тропарёво",
            "number": "20",
            "color": "#D92B2C"
        },
        {
            "name": "Битцевский парк",
            "number": "200",
            "color": "#B0BFE7"
        },
        {
            "name": "Лесопарковая",
            "number": "201",
            "color": "#B0BFE7"
        },
        {
            "name": "Улица Старокачаловская",
            "number": "202",
            "color": "#B0BFE7"
        },
        {
            "name": "Улица Скобелевская",
            "number": "203",
            "color": "#B0BFE7"
        },
        {
            "name": "Бульвар Адмирала Ушакова",
            "number": "204",
            "color": "#B0BFE7"
        },
        {
            "name": "Улица Горчакова",
            "number": "205",
            "color": "#B0BFE7"
        },
        {
            "name": "Бунинская аллея",
            "number": "206",
            "color": "#B0BFE7"
        },
        {
            "name": "Окружная",
            "number": "207",
            "color": "#efadb5"
        },
        {
            "name": "Владыкино",
            "number": "208",
            "color": "#efadb5"
        },
        {
            "name": "Ботанический сад",
            "number": "209",
            "color": "#efadb5"
        },
        {
            "name": "Румянцево",
            "number": "21",
            "color": "#D92B2C"
        },
        {
            "name": "Ростокино",
            "number": "210",
            "color": "#efadb5"
        },
        {
            "name": "Белокаменная",
            "number": "211",
            "color": "#efadb5"
        },
        {
            "name": "Бульвар Рокоссовского",
            "number": "212",
            "color": "#efadb5"
        },
        {
            "name": "Локомотив",
            "number": "213",
            "color": "#efadb5"
        },
        {
            "name": "Измайлово",
            "number": "214",
            "color": "#efadb5"
        },
        {
            "name": "Соколиная Гора",
            "number": "215",
            "color": "#efadb5"
        },
        {
            "name": "Шоссе Энтузиастов",
            "number": "216",
            "color": "#efadb5"
        },
        {
            "name": "Андроновка",
            "number": "217",
            "color": "#efadb5"
        },
        {
            "name": "Нижегородская",
            "number": "218",
            "color": "#efadb5"
        },
        {
            "name": "Новохохловская",
            "number": "219",
            "color": "#efadb5"
        },
        {
            "name": "Саларьево",
            "number": "22",
            "color": "#D92B2C"
        },
        {
            "name": "Угрешская",
            "number": "220",
            "color": "#efadb5"
        },
        {
            "name": "Дубровка",
            "number": "221",
            "color": "#efadb5"
        },
        {
            "name": "Автозаводская",
            "number": "222",
            "color": "#efadb5"
        },
        {
            "name": "ЗИЛ",
            "number": "223",
            "color": "#efadb5"
        },
        {
            "name": "Верхние Котлы",
            "number": "224",
            "color": "#efadb5"
        },
        {
            "name": "Крымская",
            "number": "225",
            "color": "#efadb5"
        },
        {
            "name": "Площадь Гагарина",
            "number": "226",
            "color": "#efadb5"
        },
        {
            "name": "Лужники",
            "number": "227",
            "color": "#efadb5"
        },
        {
            "name": "Кутузовская",
            "number": "228",
            "color": "#efadb5"
        },
        {
            "name": "Деловой центр",
            "number": "229",
            "color": "#efadb5"
        },
        {
            "name": "Речной вокзал",
            "number": "23",
            "color": "#4DBE52"
        },
        {
            "name": "Шелепиха",
            "number": "230",
            "color": "#efadb5"
        },
        {
            "name": "Хорошёво",
            "number": "231",
            "color": "#efadb5"
        },
        {
            "name": "Зорге",
            "number": "232",
            "color": "#efadb5"
        },
        {
            "name": "Панфиловская",
            "number": "233",
            "color": "#efadb5"
        },
        {
            "name": "Стрешнево",
            "number": "234",
            "color": "#efadb5"
        },
        {
            "name": "Балтийская",
            "number": "235",
            "color": "#efadb5"
        },
        {
            "name": "Коптево",
            "number": "236",
            "color": "#efadb5"
        },
        {
            "name": "Лихоборы",
            "number": "237",
            "color": "#efadb5"
        },
        {
            "name": "Водный стадион",
            "number": "24",
            "color": "#4DBE52"
        },
        {
            "name": "Войковская",
            "number": "25",
            "color": "#4DBE52"
        },
        {
            "name": "Сокол",
            "number": "26",
            "color": "#4DBE52"
        },
        {
            "name": "Аэропорт",
            "number": "27",
            "color": "#4DBE52"
        },
        {
            "name": "Динамо",
            "number": "28",
            "color": "#4DBE52"
        },
        {
            "name": "Белорусская",
            "number": "29",
            "color": "#4DBE52"
        },
        {
            "name": "Преображенская площадь",
            "number": "3",
            "color": "#D92B2C"
        },
        {
            "name": "Маяковская",
            "number": "30",
            "color": "#4DBE52"
        },
        {
            "name": "Тверская",
            "number": "31",
            "color": "#4DBE52"
        },
        {
            "name": "Театральная",
            "number": "32",
            "color": "#4DBE52"
        },
        {
            "name": "Новокузнецкая",
            "number": "33",
            "color": "#4DBE52"
        },
        {
            "name": "Павелецкая",
            "number": "34",
            "color": "#4DBE52"
        },
        {
            "name": "Автозаводская",
            "number": "35",
            "color": "#4DBE52"
        },
        {
            "name": "Технопарк",
            "number": "36",
            "color": "#4DBE52"
        },
        {
            "name": "Коломенская",
            "number": "37",
            "color": "#4DBE52"
        },
        {
            "name": "Каширская",
            "number": "38",
            "color": "#4DBE52"
        },
        {
            "name": "Кантемировская",
            "number": "39",
            "color": "#4DBE52"
        },
        {
            "name": "Сокольники",
            "number": "4",
            "color": "#D92B2C"
        },
        {
            "name": "Царицыно",
            "number": "40",
            "color": "#4DBE52"
        },
        {
            "name": "Орехово",
            "number": "41",
            "color": "#4DBE52"
        },
        {
            "name": "Домодедовская",
            "number": "42",
            "color": "#4DBE52"
        },
        {
            "name": "Красногвардейская",
            "number": "43",
            "color": "#4DBE52"
        },
        {
            "name": "Алма-Атинская",
            "number": "44",
            "color": "#4DBE52"
        },
        {
            "name": "Пятницкое шоссе",
            "number": "45",
            "color": "#2C75C4"
        },
        {
            "name": "Митино",
            "number": "46",
            "color": "#2C75C4"
        },
        {
            "name": "Волоколамская",
            "number": "47",
            "color": "#2C75C4"
        },
        {
            "name": "Мякинино",
            "number": "48",
            "color": "#2C75C4"
        },
        {
            "name": "Строгино",
            "number": "49",
            "color": "#2C75C4"
        },
        {
            "name": "Красносельская",
            "number": "5",
            "color": "#D92B2C"
        },
        {
            "name": "Крылатское",
            "number": "50",
            "color": "#2C75C4"
        },
        {
            "name": "Молодёжная",
            "number": "51",
            "color": "#2C75C4"
        },
        {
            "name": "Кунцевская",
            "number": "52",
            "color": "#2C75C4"
        },
        {
            "name": "Славянский бульвар",
            "number": "53",
            "color": "#2C75C4"
        },
        {
            "name": "Парк Победы",
            "number": "54",
            "color": "#2C75C4"
        },
        {
            "name": "Киевская",
            "number": "55",
            "color": "#2C75C4"
        },
        {
            "name": "Смоленская",
            "number": "56",
            "color": "#2C75C4"
        },
        {
            "name": "Арбатская",
            "number": "57",
            "color": "#2C75C4"
        },
        {
            "name": "Площадь Революции",
            "number": "58",
            "color": "#2C75C4"
        },
        {
            "name": "Курская",
            "number": "59",
            "color": "#2C75C4"
        },
        {
            "name": "Комсомольская",
            "number": "6",
            "color": "#D92B2C"
        },
        {
            "name": "Бауманская",
            "number": "60",
            "color": "#2C75C4"
        },
        {
            "name": "Электрозаводская",
            "number": "61",
            "color": "#2C75C4"
        },
        {
            "name": "Семёновская",
            "number": "62",
            "color": "#2C75C4"
        },
        {
            "name": "Партизанская",
            "number": "63",
            "color": "#2C75C4"
        },
        {
            "name": "Измайловская",
            "number": "64",
            "color": "#2C75C4"
        },
        {
            "name": "Первомайская",
            "number": "65",
            "color": "#2C75C4"
        },
        {
            "name": "Щёлковская",
            "number": "66",
            "color": "#2C75C4"
        },
        {
            "name": "Кунцевская",
            "number": "67",
            "color": "#4DC6F4"
        },
        {
            "name": "Пионерская",
            "number": "68",
            "color": "#4DC6F4"
        },
        {
            "name": "Филёвский парк",
            "number": "69",
            "color": "#4DC6F4"
        },
        {
            "name": "Красные Ворота",
            "number": "7",
            "color": "#D92B2C"
        },
        {
            "name": "Багратионовская",
            "number": "70",
            "color": "#4DC6F4"
        },
        {
            "name": "Фили",
            "number": "71",
            "color": "#4DC6F4"
        },
        {
            "name": "Кутузовская",
            "number": "72",
            "color": "#4DC6F4"
        },
        {
            "name": "Студенческая",
            "number": "73",
            "color": "#4DC6F4"
        },
        {
            "name": "Международная",
            "number": "74",
            "color": "#4DC6F4"
        },
        {
            "name": "Выставочная",
            "number": "75",
            "color": "#4DC6F4"
        },
        {
            "name": "Киевская",
            "number": "76",
            "color": "#4DC6F4"
        },
        {
            "name": "Смоленская",
            "number": "77",
            "color": "#4DC6F4"
        },
        {
            "name": "Арбатская",
            "number": "78",
            "color": "#4DC6F4"
        },
        {
            "name": "Александровский сад",
            "number": "79",
            "color": "#4DC6F4"
        },
        {
            "name": "Чистые пруды",
            "number": "8",
            "color": "#D92B2C"
        },
        {
            "name": "Лубянка",
            "number": "9",
            "color": "#D92B2C"
        },
        {
            "name": "Медведково",
            "number": "92",
            "color": "#F07025"
        },
        {
            "name": "Бабушкинская",
            "number": "93",
            "color": "#F07025"
        },
        {
            "name": "Свиблово",
            "number": "94",
            "color": "#F07025"
        },
        {
            "name": "Ботанический сад",
            "number": "95",
            "color": "#F07025"
        },
        {
            "name": "ВДНХ",
            "number": "96",
            "color": "#F07025"
        },
        {
            "name": "Алексеевская",
            "number": "97",
            "color": "#F07025"
        },
        {
            "name": "Рижская",
            "number": "98",
            "color": "#F07025"
        },
        {
            "name": "Проспект Мира",
            "number": "99",
            "color": "#F07025"
        }
    ]
}
]]></system-out>
  </testcase>
  <testcase name="testGetOrderList" classname="org.example.OrderListTests" time="7.747">
    <system-out><![CDATA[Request method:	POST
Request URI:	https://qa-scooter.praktikum-services.ru/api/v1/courier
Proxy:			<none>
Request params:	<none>
Query params:	<none>
Form params:	<none>
Path params:	<none>
Headers:		Accept=*/*
				Content-Type=application/json
Cookies:		<none>
Multiparts:		<none>
Body:
{
    "login": "ninja1751794795872",
    "password": "1234",
    "firstName": "Saske"
}
Created courierId: null
Request method:	POST
Request URI:	https://qa-scooter.praktikum-services.ru/api/v1/courier/login
Proxy:			<none>
Request params:	<none>
Query params:	<none>
Form params:	<none>
Path params:	<none>
Headers:		Accept=*/*
				Content-Type=application/json
Cookies:		<none>
Multiparts:		<none>
Body:
{
    "login": "ninja1751794795872",
    "password": "1234"
}
Request method:	GET
Request URI:	https://qa-scooter.praktikum-services.ru/api/v1/orders
Proxy:			<none>
Request params:	<none>
Query params:	<none>
Form params:	<none>
Path params:	<none>
Headers:		Accept=*/*
				Content-Type=application/json
Cookies:		<none>
Multiparts:		<none>
Body:			<none>
{
    "orders": [
        {
            "id": 418330,
            "courierId": null,
            "firstName": "oxxfpu",
            "lastName": "cdwlws",
            "address": "Konoha, 142 apt.",
            "metroStation": "4",
            "phone": "+7 800 355 35 35",
            "rentTime": 5,
            "deliveryDate": "2025-03-03T00:00:00.000Z",
            "track": 475893,
            "color": [
                "BLACK"
            ],
            "comment": "Saske, come back to Konoha",
            "createdAt": "2025-02-07T10:44:16.737Z",
            "updatedAt": "2025-02-07T10:44:16.737Z",
            "status": 0
        },
        {
            "id": 418331,
            "courierId": null,
            "firstName": "jhhvbn",
            "lastName": "qmfjcm",
            "address": "Konoha, 142 apt.",
            "metroStation": "4",
            "phone": "+7 800 355 35 35",
            "rentTime": 5,
            "deliveryDate": "2025-03-03T00:00:00.000Z",
            "track": 933471,
            "color": [
                "BLACK"
            ],
            "comment": "Saske, come back to Konoha",
            "createdAt": "2025-02-07T10:44:16.954Z",
            "updatedAt": "2025-02-07T10:44:16.954Z",
            "status": 0
        },
        {
            "id": 418332,
            "courierId": null,
            "firstName": "ycbtsh",
            "lastName": "irnlsw",
            "address": "Konoha, 142 apt.",
            "metroStation": "4",
            "phone": "+7 800 355 35 35",
            "rentTime": 5,
            "deliveryDate": "2025-03-03T00:00:00.000Z",
            "track": 46966,
            "color": [
                "BLACK"
            ],
            "comment": "Saske, come back to Konoha",
            "createdAt": "2025-02-07T10:44:17.351Z",
            "updatedAt": "2025-02-07T10:44:17.351Z",
            "status": 0
        },
        {
            "id": 418333,
            "courierId": null,
            "firstName": "xtrlbh",
            "lastName": "atriif",
            "address": "Konoha, 142 apt.",
            "metroStation": "4",
            "phone": "+7 800 355 35 35",
            "rentTime": 5,
            "deliveryDate": "2025-03-03T00:00:00.000Z",
            "track": 632576,
            "color": [
                "BLACK"
            ],
            "comment": "Saske, come back to Konoha",
            "createdAt": "2025-02-07T10:44:17.816Z",
            "updatedAt": "2025-02-07T10:44:17.816Z",
            "status": 0
        },
        {
            "id": 418338,
            "courierId": null,
            "firstName": "Naruto",
            "lastName": "Uchiha",
            "address": "Konoha, 142 apt.",
            "metroStation": "105",
            "phone": "+7 800 355 35 35",
            "rentTime": 5,
            "deliveryDate": "2025-03-03T00:00:00.000Z",
            "track": 930993,
            "color": [
                "BLACK"
            ],
            "comment": "Saske, come back to Konoha",
            "createdAt": "2025-02-07T10:46:17.455Z",
            "updatedAt": "2025-02-07T10:46:17.455Z",
            "status": 0
        },
        {
            "id": 418339,
            "courierId": null,
            "firstName": "Naruto",
            "lastName": "Uchiha",
            "address": "Konoha, 142 apt.",
            "metroStation": "106",
            "phone": "+7 800 355 35 35",
            "rentTime": 5,
            "deliveryDate": "2025-03-03T00:00:00.000Z",
            "track": 270579,
            "color": [
                "BLACK"
            ],
            "comment": "Saske, come back to Konoha",
            "createdAt": "2025-02-07T10:46:17.760Z",
            "updatedAt": "2025-02-07T10:46:17.760Z",
            "status": 0
        },
        {
            "id": 418340,
            "courierId": null,
            "firstName": "Naruto",
            "lastName": "Uchiha",
            "address": "Konoha, 142 apt.",
            "metroStation": "107",
            "phone": "+7 800 355 35 35",
            "rentTime": 5,
            "deliveryDate": "2025-03-03T00:00:00.000Z",
            "track": 429251,
            "color": [
                "BLACK"
            ],
            "comment": "Saske, come back to Konoha",
            "createdAt": "2025-02-07T10:46:17.951Z",
            "updatedAt": "2025-02-07T10:46:17.951Z",
            "status": 0
        },
        {
            "id": 418341,
            "courierId": null,
            "firstName": "Naruto",
            "lastName": "Uchiha",
            "address": "Konoha, 142 apt.",
            "metroStation": "108",
            "phone": "+7 800 355 35 35",
            "rentTime": 5,
            "deliveryDate": "2025-03-03T00:00:00.000Z",
            "track": 384217,
            "color": [
                "BLACK"
            ],
            "comment": "Saske, come back to Konoha",
            "createdAt": "2025-02-07T10:46:18.103Z",
            "updatedAt": "2025-02-07T10:46:18.103Z",
            "status": 0
        },
        {
            "id": 418342,
            "courierId": null,
            "firstName": "Naruto",
            "lastName": "Uchiha",
            "address": "Konoha, 142 apt.",
            "metroStation": "109",
            "phone": "+7 800 355 35 35",
            "rentTime": 5,
            "deliveryDate": "2025-03-03T00:00:00.000Z",
            "track": 194147,
            "color": [
                "BLACK"
            ],
            "comment": "Saske, come back to Konoha",
            "createdAt": "2025-02-07T10:46:18.289Z",
            "updatedAt": "2025-02-07T10:46:18.289Z",
            "status": 0
        },
        {
            "id": 418343,
            "courierId": null,
            "firstName": "Naruto",
            "lastName": "Uchiha",
            "address": "Konoha, 142 apt.",
            "metroStation": "110",
            "phone": "+7 800 355 35 35",
            "rentTime": 5,
            "deliveryDate": "2025-03-03T00:00:00.000Z",
            "track": 766278,
            "color": [
                "BLACK"
            ],
            "comment": "Saske, come back to Konoha",
            "createdAt": "2025-02-07T10:46:18.438Z",
            "updatedAt": "2025-02-07T10:46:18.438Z",
            "status": 0
        },
        {
            "id": 418344,
            "courierId": null,
            "firstName": "Naruto",
            "lastName": "Uchiha",
            "address": "Konoha, 142 apt.",
            "metroStation": "111",
            "phone": "+7 800 355 35 35",
            "rentTime": 5,
            "deliveryDate": "2025-03-03T00:00:00.000Z",
            "track": 231323,
            "color": [
                "BLACK"
            ],
            "comment": "Saske, come back to Konoha",
            "createdAt": "2025-02-07T10:46:18.621Z",
            "updatedAt": "2025-02-07T10:46:18.621Z",
            "status": 0
        },
        {
            "id": 418345,
            "courierId": null,
            "firstName": "Naruto",
            "lastName": "Uchiha",
            "address": "Konoha, 142 apt.",
            "metroStation": "112",
            "phone": "+7 800 355 35 35",
            "rentTime": 5,
            "deliveryDate": "2025-03-03T00:00:00.000Z",
            "track": 69069,
            "color": [
                "BLACK"
            ],
            "comment": "Saske, come back to Konoha",
            "createdAt": "2025-02-07T10:46:18.805Z",
            "updatedAt": "2025-02-07T10:46:18.805Z",
            "status": 0
        },
        {
            "id": 418346,
            "courierId": null,
            "firstName": "Naruto",
            "lastName": "Uchiha",
            "address": "Konoha, 142 apt.",
            "metroStation": "113",
            "phone": "+7 800 355 35 35",
            "rentTime": 5,
            "deliveryDate": "2025-03-03T00:00:00.000Z",
            "track": 102032,
            "color": [
                "BLACK"
            ],
            "comment": "Saske, come back to Konoha",
            "createdAt": "2025-02-07T10:46:18.955Z",
            "updatedAt": "2025-02-07T10:46:18.955Z",
            "status": 0
        },
        {
            "id": 418347,
            "courierId": null,
            "firstName": "Naruto",
            "lastName": "Uchiha",
            "address": "Konoha, 142 apt.",
            "metroStation": "114",
            "phone": "+7 800 355 35 35",
            "rentTime": 5,
            "deliveryDate": "2025-03-03T00:00:00.000Z",
            "track": 321213,
            "color": [
                "BLACK"
            ],
            "comment": "Saske, come back to Konoha",
            "createdAt": "2025-02-07T10:46:19.073Z",
            "updatedAt": "2025-02-07T10:46:19.073Z",
            "status": 0
        },
        {
            "id": 418348,
            "courierId": null,
            "firstName": "xfhuas",
            "lastName": "vtraos",
            "address": "Konoha, 142 apt.",
            "metroStation": "4",
            "phone": "+7 800 355 35 35",
            "rentTime": 5,
            "deliveryDate": "2025-03-03T00:00:00.000Z",
            "track": 73474,
            "color": [
                "BLACK"
            ],
            "comment": "Saske, come back to Konoha",
            "createdAt": "2025-02-07T10:46:19.339Z",
            "updatedAt": "2025-02-07T10:46:19.339Z",
            "status": 0
        },
        {
            "id": 418349,
            "courierId": null,
            "firstName": "zqkdsp",
            "lastName": "lnzsyt",
            "address": "Konoha, 142 apt.",
            "metroStation": "4",
            "phone": "+7 800 355 35 35",
            "rentTime": 5,
            "deliveryDate": "2025-03-03T00:00:00.000Z",
            "track": 299018,
            "color": [
                "BLACK"
            ],
            "comment": "Saske, come back to Konoha",
            "createdAt": "2025-02-07T10:46:19.566Z",
            "updatedAt": "2025-02-07T10:46:19.566Z",
            "status": 0
        },
        {
            "id": 418350,
            "courierId": null,
            "firstName": "wqysoi",
            "lastName": "gybxxj",
            "address": "Konoha, 142 apt.",
            "metroStation": "4",
            "phone": "+7 800 355 35 35",
            "rentTime": 5,
            "deliveryDate": "2025-03-03T00:00:00.000Z",
            "track": 794755,
            "color": [
                "BLACK"
            ],
            "comment": "Saske, come back to Konoha",
            "createdAt": "2025-02-07T10:46:19.881Z",
            "updatedAt": "2025-02-07T10:46:19.881Z",
            "status": 0
        },
        {
            "id": 462421,
            "courierId": null,
            "firstName": "еЬзъ",
            "lastName": "ХН",
            "address": "0ЪСгЧчпкйй554ФбЖШЫ2й",
            "metroStation": "78",
            "phone": "00672765757",
            "rentTime": 6,
            "deliveryDate": "2025-05-22T00:00:00.000Z",
            "track": 834836,
            "color": [
                "GREY"
            ],
            "comment": "юЭлу",
            "createdAt": "2025-05-11T09:40:40.115Z",
            "updatedAt": "2025-05-11T09:40:40.115Z",
            "status": 0
        },
        {
            "id": 474707,
            "courierId": null,
            "firstName": "Serg",
            "lastName": "Uchiha",
            "address": "Ugizy, 142 apt.",
            "metroStation": "8",
            "phone": "+7 800 355 35 35",
            "rentTime": 2,
            "deliveryDate": "2025-05-26T00:00:00.000Z",
            "track": 24577,
            "color": [
                "BLACK"
            ],
            "comment": "Jmn bkdk",
            "createdAt": "2025-05-26T18:32:16.562Z",
            "updatedAt": "2025-05-26T18:32:16.562Z",
            "status": 0
        },
        {
            "id": 474845,
            "courierId": null,
            "firstName": "gxfxkenkku",
            "lastName": "kimbqtzxlc",
            "address": "uhnsoiikbb",
            "metroStation": "emxhidsuay",
            "phone": "reybchycoz",
            "rentTime": 23,
            "deliveryDate": "2025-05-27T00:00:00.000Z",
            "track": 848423,
            "color": null,
            "comment": "jeuyqtsgey",
            "createdAt": "2025-05-26T22:49:55.570Z",
            "updatedAt": "2025-05-26T22:49:55.570Z",
            "status": 0
        },
        {
            "id": 474706,
            "courierId": null,
            "firstName": "Иван",
            "lastName": "Иваненко",
            "address": "123456789012345",
            "metroStation": "2",
            "phone": "88055535355",
            "rentTime": 1,
            "deliveryDate": "2025-05-30T19:00:00.000Z",
            "track": 343406,
            "color": [
                
            ],
            "comment": "",
            "createdAt": "2025-05-26T18:31:02.521Z",
            "updatedAt": "2025-05-26T18:31:02.521Z",
            "status": 0
        },
        {
            "id": 490319,
            "courierId": null,
            "firstName": "CDwiVIwM",
            "lastName": "JiDwoEQNbF",
            "address": "ул. ftIQjBGf, д. 30",
            "metroStation": "6",
            "phone": "+79277095464",
            "rentTime": 2,
            "deliveryDate": "2025-06-22T00:00:00.000Z",
            "track": 147898,
            "color": [
                "BLACK"
            ],
            "comment": "UZoKttuyWwhcEWVwlMKy",
            "createdAt": "2025-06-20T21:18:56.710Z",
            "updatedAt": "2025-06-20T21:18:56.710Z",
            "status": 0
        },
        {
            "id": 418319,
            "courierId": null,
            "firstName": "Some",
            "lastName": "Person",
            "address": "Hawaii",
            "metroStation": "5",
            "phone": "82345678901",
            "rentTime": 1,
            "deliveryDate": "2025-10-10T00:00:00.000Z",
            "track": 900175,
            "color": [
                
            ],
            "comment": "buratto",
            "createdAt": "2025-02-07T10:43:57.423Z",
            "updatedAt": "2025-02-07T10:43:57.423Z",
            "status": 0
        },
        {
            "id": 418258,
            "courierId": null,
            "firstName": "Petr",
            "lastName": "Petrov",
            "address": "Mars, 12 lunka",
            "metroStation": "Marsianskaya",
            "phone": "+1234567890",
            "rentTime": 3,
            "deliveryDate": "2125-02-10T00:00:00.000Z",
            "track": 102519,
            "color": [
                "BLACK",
                "GREY"
            ],
            "comment": "Bez Ananasov",
            "createdAt": "2025-02-07T10:29:32.743Z",
            "updatedAt": "2025-02-07T10:29:32.743Z",
            "status": 0
        },
        {
            "id": 418259,
            "courierId": null,
            "firstName": "Petr",
            "lastName": "Petrov",
            "address": "Mars, 12 lunka",
            "metroStation": "Marsianskaya",
            "phone": "+1234567890",
            "rentTime": 3,
            "deliveryDate": "2125-02-10T00:00:00.000Z",
            "track": 45992,
            "color": [
                
            ],
            "comment": "Bez Ananasov",
            "createdAt": "2025-02-07T10:29:32.939Z",
            "updatedAt": "2025-02-07T10:29:32.939Z",
            "status": 0
        },
        {
            "id": 418262,
            "courierId": null,
            "firstName": "Petr",
            "lastName": "Petrov",
            "address": "Mars, 12 lunka",
            "metroStation": "Marsianskaya",
            "phone": "+1234567890",
            "rentTime": 3,
            "deliveryDate": "2125-02-10T00:00:00.000Z",
            "track": 140204,
            "color": [
                "BLACK"
            ],
            "comment": "Bez Ananasov",
            "createdAt": "2025-02-07T10:35:12.525Z",
            "updatedAt": "2025-02-07T10:35:12.525Z",
            "status": 0
        },
        {
            "id": 418263,
            "courierId": null,
            "firstName": "Petr",
            "lastName": "Petrov",
            "address": "Mars, 12 lunka",
            "metroStation": "Marsianskaya",
            "phone": "+1234567890",
            "rentTime": 3,
            "deliveryDate": "2125-02-10T00:00:00.000Z",
            "track": 719044,
            "color": [
                "GREY"
            ],
            "comment": "Bez Ananasov",
            "createdAt": "2025-02-07T10:35:12.711Z",
            "updatedAt": "2025-02-07T10:35:12.711Z",
            "status": 0
        },
        {
            "id": 418267,
            "courierId": null,
            "firstName": "Petr",
            "lastName": "Petrov",
            "address": "Mars, 12 lunka",
            "metroStation": "Marsianskaya",
            "phone": "+1234567890",
            "rentTime": 3,
            "deliveryDate": "2125-02-10T00:00:00.000Z",
            "track": 63177,
            "color": [
                "GREY"
            ],
            "comment": "Bez Ananasov",
            "createdAt": "2025-02-07T10:39:11.909Z",
            "updatedAt": "2025-02-07T10:39:11.909Z",
            "status": 0
        },
        {
            "id": 418268,
            "courierId": null,
            "firstName": "Petr",
            "lastName": "Petrov",
            "address": "Mars, 12 lunka",
            "metroStation": "Marsianskaya",
            "phone": "+1234567890",
            "rentTime": 3,
            "deliveryDate": "2125-02-10T00:00:00.000Z",
            "track": 951029,
            "color": [
                "BLACK",
                "GREY"
            ],
            "comment": "Bez Ananasov",
            "createdAt": "2025-02-07T10:39:12.095Z",
            "updatedAt": "2025-02-07T10:39:12.095Z",
            "status": 0
        },
        {
            "id": 418334,
            "courierId": null,
            "firstName": "Petr",
            "lastName": "Petrov",
            "address": "Mars, 12 lunka",
            "metroStation": "Marsianskaya",
            "phone": "+1234567890",
            "rentTime": 3,
            "deliveryDate": "2125-02-10T00:00:00.000Z",
            "track": 589034,
            "color": [
                "BLACK"
            ],
            "comment": "Bez Ananasov",
            "createdAt": "2025-02-07T10:45:51.543Z",
            "updatedAt": "2025-02-07T10:45:51.543Z",
            "status": 0
        }
    ],
    "pageInfo": {
        "page": 0,
        "total": 72545,
        "limit": 30
    },
    "availableStations": [
        {
            "name": "Бульвар Рокоссовского",
            "number": "1",
            "color": "#D92B2C"
        },
        {
            "name": "Охотный Ряд",
            "number": "10",
            "color": "#D92B2C"
        },
        {
            "name": "Сухаревская",
            "number": "100",
            "color": "#F07025"
        },
        {
            "name": "Тургеневская",
            "number": "101",
            "color": "#F07025"
        },
        {
            "name": "Китай-город",
            "number": "102",
            "color": "#F07025"
        },
        {
            "name": "Третьяковская",
            "number": "103",
            "color": "#F07025"
        },
        {
            "name": "Октябрьская",
            "number": "104",
            "color": "#F07025"
        },
        {
            "name": "Шаболовская",
            "number": "105",
            "color": "#F07025"
        },
        {
            "name": "Ленинский проспект",
            "number": "106",
            "color": "#F07025"
        },
        {
            "name": "Академическая",
            "number": "107",
            "color": "#F07025"
        },
        {
            "name": "Профсоюзная",
            "number": "108",
            "color": "#F07025"
        },
        {
            "name": "Новые Черёмушки",
            "number": "109",
            "color": "#F07025"
        },
        {
            "name": "Библиотека имени Ленина",
            "number": "11",
            "color": "#D92B2C"
        },
        {
            "name": "Калужская",
            "number": "110",
            "color": "#F07025"
        },
        {
            "name": "Беляево",
            "number": "111",
            "color": "#F07025"
        },
        {
            "name": "Коньково",
            "number": "112",
            "color": "#F07025"
        },
        {
            "name": "Тёплый Стан",
            "number": "113",
            "color": "#F07025"
        },
        {
            "name": "Ясенево",
            "number": "114",
            "color": "#F07025"
        },
        {
            "name": "Новоясеневская",
            "number": "115",
            "color": "#F07025"
        },
        {
            "name": "Планерная",
            "number": "116",
            "color": "#89339E"
        },
        {
            "name": "Сходненская",
            "number": "117",
            "color": "#89339E"
        },
        {
            "name": "Тушинская",
            "number": "118",
            "color": "#89339E"
        },
        {
            "name": "Спартак",
            "number": "119",
            "color": "#89339E"
        },
        {
            "name": "Кропоткинская",
            "number": "12",
            "color": "#D92B2C"
        },
        {
            "name": "Щукинская",
            "number": "120",
            "color": "#89339E"
        },
        {
            "name": "Октябрьское поле",
            "number": "121",
            "color": "#89339E"
        },
        {
            "name": "Полежаевская",
            "number": "122",
            "color": "#89339E"
        },
        {
            "name": "Беговая",
            "number": "123",
            "color": "#89339E"
        },
        {
            "name": "Улица 1905 года",
            "number": "124",
            "color": "#89339E"
        },
        {
            "name": "Баррикадная",
            "number": "125",
            "color": "#89339E"
        },
        {
            "name": "Пушкинская",
            "number": "126",
            "color": "#89339E"
        },
        {
            "name": "Кузнецкий Мост",
            "number": "127",
            "color": "#89339E"
        },
        {
            "name": "Китай-город",
            "number": "128",
            "color": "#89339E"
        },
        {
            "name": "Таганская",
            "number": "129",
            "color": "#89339E"
        },
        {
            "name": "Парк культуры",
            "number": "13",
            "color": "#D92B2C"
        },
        {
            "name": "Пролетарская",
            "number": "130",
            "color": "#89339E"
        },
        {
            "name": "Волгоградский проспект",
            "number": "131",
            "color": "#89339E"
        },
        {
            "name": "Текстильщики",
            "number": "132",
            "color": "#89339E"
        },
        {
            "name": "Кузьминки",
            "number": "133",
            "color": "#89339E"
        },
        {
            "name": "Рязанский проспект",
            "number": "134",
            "color": "#89339E"
        },
        {
            "name": "Выхино",
            "number": "135",
            "color": "#89339E"
        },
        {
            "name": "Лермонтовский проспект",
            "number": "136",
            "color": "#89339E"
        },
        {
            "name": "Жулебино",
            "number": "137",
            "color": "#89339E"
        },
        {
            "name": "Котельники",
            "number": "138",
            "color": "#89339E"
        },
        {
            "name": "Раменки",
            "number": "139",
            "color": "#FBC81E"
        },
        {
            "name": "Фрунзенская",
            "number": "14",
            "color": "#D92B2C"
        },
        {
            "name": "Ломоносовский проспект",
            "number": "140",
            "color": "#FBC81E"
        },
        {
            "name": "Минская",
            "number": "141",
            "color": "#FBC81E"
        },
        {
            "name": "Парк Победы",
            "number": "142",
            "color": "#FBC81E"
        },
        {
            "name": "Деловой центр",
            "number": "143",
            "color": "#FBC81E"
        },
        {
            "name": "Третьяковская",
            "number": "144",
            "color": "#FBC81E"
        },
        {
            "name": "Марксистская",
            "number": "145",
            "color": "#FBC81E"
        },
        {
            "name": "Площадь Ильича",
            "number": "146",
            "color": "#FBC81E"
        },
        {
            "name": "Авиамоторная",
            "number": "147",
            "color": "#FBC81E"
        },
        {
            "name": "Шоссе Энтузиастов",
            "number": "148",
            "color": "#FBC81E"
        },
        {
            "name": "Перово",
            "number": "149",
            "color": "#FBC81E"
        },
        {
            "name": "Спортивная",
            "number": "15",
            "color": "#D92B2C"
        },
        {
            "name": "Новогиреево",
            "number": "150",
            "color": "#FBC81E"
        },
        {
            "name": "Новокосино",
            "number": "151",
            "color": "#FBC81E"
        },
        {
            "name": "Алтуфьево",
            "number": "152",
            "color": "#9F9F9F"
        },
        {
            "name": "Бибирево",
            "number": "153",
            "color": "#9F9F9F"
        },
        {
            "name": "Отрадное",
            "number": "154",
            "color": "#9F9F9F"
        },
        {
            "name": "Владыкино",
            "number": "155",
            "color": "#9F9F9F"
        },
        {
            "name": "Петровско-Разумовская",
            "number": "156",
            "color": "#9F9F9F"
        },
        {
            "name": "Тимирязевская",
            "number": "157",
            "color": "#9F9F9F"
        },
        {
            "name": "Дмитровская",
            "number": "158",
            "color": "#9F9F9F"
        },
        {
            "name": "Савёловская",
            "number": "159",
            "color": "#9F9F9F"
        },
        {
            "name": "Воробьёвы горы",
            "number": "16",
            "color": "#D92B2C"
        },
        {
            "name": "Менделеевская",
            "number": "160",
            "color": "#9F9F9F"
        },
        {
            "name": "Цветной бульвар",
            "number": "161",
            "color": "#9F9F9F"
        },
        {
            "name": "Чеховская",
            "number": "162",
            "color": "#9F9F9F"
        },
        {
            "name": "Боровицкая",
            "number": "163",
            "color": "#9F9F9F"
        },
        {
            "name": "Полянка",
            "number": "164",
            "color": "#9F9F9F"
        },
        {
            "name": "Серпуховская",
            "number": "165",
            "color": "#9F9F9F"
        },
        {
            "name": "Тульская",
            "number": "166",
            "color": "#9F9F9F"
        },
        {
            "name": "Нагатинская",
            "number": "167",
            "color": "#9F9F9F"
        },
        {
            "name": "Нагорная",
            "number": "168",
            "color": "#9F9F9F"
        },
        {
            "name": "Нахимовский проспект",
            "number": "169",
            "color": "#9F9F9F"
        },
        {
            "name": "Университет",
            "number": "17",
            "color": "#D92B2C"
        },
        {
            "name": "Севастопольская",
            "number": "170",
            "color": "#9F9F9F"
        },
        {
            "name": "Чертановская",
            "number": "171",
            "color": "#9F9F9F"
        },
        {
            "name": "Южная",
            "number": "172",
            "color": "#9F9F9F"
        },
        {
            "name": "Пражская",
            "number": "173",
            "color": "#9F9F9F"
        },
        {
            "name": "Улица Академика Янгеля",
            "number": "174",
            "color": "#9F9F9F"
        },
        {
            "name": "Аннино",
            "number": "175",
            "color": "#9F9F9F"
        },
        {
            "name": "Бульвар Дмитрия Донского",
            "number": "176",
            "color": "#9F9F9F"
        },
        {
            "name": "Петровско-Разумовская",
            "number": "177",
            "color": "#A8D92D"
        },
        {
            "name": "Фонвизинская",
            "number": "178",
            "color": "#A8D92D"
        },
        {
            "name": "Бутырская",
            "number": "179",
            "color": "#A8D92D"
        },
        {
            "name": "Проспект Вернадского",
            "number": "18",
            "color": "#D92B2C"
        },
        {
            "name": "Марьина роща",
            "number": "180",
            "color": "#A8D92D"
        },
        {
            "name": "Достоевская",
            "number": "181",
            "color": "#A8D92D"
        },
        {
            "name": "Трубная",
            "number": "182",
            "color": "#A8D92D"
        },
        {
            "name": "Сретенский бульвар",
            "number": "183",
            "color": "#A8D92D"
        },
        {
            "name": "Чкаловская",
            "number": "184",
            "color": "#A8D92D"
        },
        {
            "name": "Римская",
            "number": "185",
            "color": "#A8D92D"
        },
        {
            "name": "Крестьянская застава",
            "number": "186",
            "color": "#A8D92D"
        },
        {
            "name": "Дубровка",
            "number": "187",
            "color": "#A8D92D"
        },
        {
            "name": "Кожуховская",
            "number": "188",
            "color": "#A8D92D"
        },
        {
            "name": "Печатники",
            "number": "189",
            "color": "#A8D92D"
        },
        {
            "name": "Юго-Западная",
            "number": "19",
            "color": "#D92B2C"
        },
        {
            "name": "Волжская",
            "number": "190",
            "color": "#A8D92D"
        },
        {
            "name": "Люблино",
            "number": "191",
            "color": "#A8D92D"
        },
        {
            "name": "Братиславская",
            "number": "192",
            "color": "#A8D92D"
        },
        {
            "name": "Марьино",
            "number": "193",
            "color": "#A8D92D"
        },
        {
            "name": "Борисово",
            "number": "194",
            "color": "#A8D92D"
        },
        {
            "name": "Шипиловская",
            "number": "195",
            "color": "#A8D92D"
        },
        {
            "name": "Зябликово",
            "number": "196",
            "color": "#A8D92D"
        },
        {
            "name": "Каширская",
            "number": "197",
            "color": "#80D4C9"
        },
        {
            "name": "Варшавская",
            "number": "198",
            "color": "#80D4C9"
        },
        {
            "name": "Каховская",
            "number": "199",
            "color": "#80D4C9"
        },
        {
            "name": "Черкизовская",
            "number": "2",
            "color": "#D92B2C"
        },
        {
            "name": "Тропарёво",
            "number": "20",
            "color": "#D92B2C"
        },
        {
            "name": "Битцевский парк",
            "number": "200",
            "color": "#B0BFE7"
        },
        {
            "name": "Лесопарковая",
            "number": "201",
            "color": "#B0BFE7"
        },
        {
            "name": "Улица Старокачаловская",
            "number": "202",
            "color": "#B0BFE7"
        },
        {
            "name": "Улица Скобелевская",
            "number": "203",
            "color": "#B0BFE7"
        },
        {
            "name": "Бульвар Адмирала Ушакова",
            "number": "204",
            "color": "#B0BFE7"
        },
        {
            "name": "Улица Горчакова",
            "number": "205",
            "color": "#B0BFE7"
        },
        {
            "name": "Бунинская аллея",
            "number": "206",
            "color": "#B0BFE7"
        },
        {
            "name": "Окружная",
            "number": "207",
            "color": "#efadb5"
        },
        {
            "name": "Владыкино",
            "number": "208",
            "color": "#efadb5"
        },
        {
            "name": "Ботанический сад",
            "number": "209",
            "color": "#efadb5"
        },
        {
            "name": "Румянцево",
            "number": "21",
            "color": "#D92B2C"
        },
        {
            "name": "Ростокино",
            "number": "210",
            "color": "#efadb5"
        },
        {
            "name": "Белокаменная",
            "number": "211",
            "color": "#efadb5"
        },
        {
            "name": "Бульвар Рокоссовского",
            "number": "212",
            "color": "#efadb5"
        },
        {
            "name": "Локомотив",
            "number": "213",
            "color": "#efadb5"
        },
        {
            "name": "Измайлово",
            "number": "214",
            "color": "#efadb5"
        },
        {
            "name": "Соколиная Гора",
            "number": "215",
            "color": "#efadb5"
        },
        {
            "name": "Шоссе Энтузиастов",
            "number": "216",
            "color": "#efadb5"
        },
        {
            "name": "Андроновка",
            "number": "217",
            "color": "#efadb5"
        },
        {
            "name": "Нижегородская",
            "number": "218",
            "color": "#efadb5"
        },
        {
            "name": "Новохохловская",
            "number": "219",
            "color": "#efadb5"
        },
        {
            "name": "Саларьево",
            "number": "22",
            "color": "#D92B2C"
        },
        {
            "name": "Угрешская",
            "number": "220",
            "color": "#efadb5"
        },
        {
            "name": "Дубровка",
            "number": "221",
            "color": "#efadb5"
        },
        {
            "name": "Автозаводская",
            "number": "222",
            "color": "#efadb5"
        },
        {
            "name": "ЗИЛ",
            "number": "223",
            "color": "#efadb5"
        },
        {
            "name": "Верхние Котлы",
            "number": "224",
            "color": "#efadb5"
        },
        {
            "name": "Крымская",
            "number": "225",
            "color": "#efadb5"
        },
        {
            "name": "Площадь Гагарина",
            "number": "226",
            "color": "#efadb5"
        },
        {
            "name": "Лужники",
            "number": "227",
            "color": "#efadb5"
        },
        {
            "name": "Кутузовская",
            "number": "228",
            "color": "#efadb5"
        },
        {
            "name": "Деловой центр",
            "number": "229",
            "color": "#efadb5"
        },
        {
            "name": "Речной вокзал",
            "number": "23",
            "color": "#4DBE52"
        },
        {
            "name": "Шелепиха",
            "number": "230",
            "color": "#efadb5"
        },
        {
            "name": "Хорошёво",
            "number": "231",
            "color": "#efadb5"
        },
        {
            "name": "Зорге",
            "number": "232",
            "color": "#efadb5"
        },
        {
            "name": "Панфиловская",
            "number": "233",
            "color": "#efadb5"
        },
        {
            "name": "Стрешнево",
            "number": "234",
            "color": "#efadb5"
        },
        {
            "name": "Балтийская",
            "number": "235",
            "color": "#efadb5"
        },
        {
            "name": "Коптево",
            "number": "236",
            "color": "#efadb5"
        },
        {
            "name": "Лихоборы",
            "number": "237",
            "color": "#efadb5"
        },
        {
            "name": "Водный стадион",
            "number": "24",
            "color": "#4DBE52"
        },
        {
            "name": "Войковская",
            "number": "25",
            "color": "#4DBE52"
        },
        {
            "name": "Сокол",
            "number": "26",
            "color": "#4DBE52"
        },
        {
            "name": "Аэропорт",
            "number": "27",
            "color": "#4DBE52"
        },
        {
            "name": "Динамо",
            "number": "28",
            "color": "#4DBE52"
        },
        {
            "name": "Белорусская",
            "number": "29",
            "color": "#4DBE52"
        },
        {
            "name": "Преображенская площадь",
            "number": "3",
            "color": "#D92B2C"
        },
        {
            "name": "Маяковская",
            "number": "30",
            "color": "#4DBE52"
        },
        {
            "name": "Тверская",
            "number": "31",
            "color": "#4DBE52"
        },
        {
            "name": "Театральная",
            "number": "32",
            "color": "#4DBE52"
        },
        {
            "name": "Новокузнецкая",
            "number": "33",
            "color": "#4DBE52"
        },
        {
            "name": "Павелецкая",
            "number": "34",
            "color": "#4DBE52"
        },
        {
            "name": "Автозаводская",
            "number": "35",
            "color": "#4DBE52"
        },
        {
            "name": "Технопарк",
            "number": "36",
            "color": "#4DBE52"
        },
        {
            "name": "Коломенская",
            "number": "37",
            "color": "#4DBE52"
        },
        {
            "name": "Каширская",
            "number": "38",
            "color": "#4DBE52"
        },
        {
            "name": "Кантемировская",
            "number": "39",
            "color": "#4DBE52"
        },
        {
            "name": "Сокольники",
            "number": "4",
            "color": "#D92B2C"
        },
        {
            "name": "Царицыно",
            "number": "40",
            "color": "#4DBE52"
        },
        {
            "name": "Орехово",
            "number": "41",
            "color": "#4DBE52"
        },
        {
            "name": "Домодедовская",
            "number": "42",
            "color": "#4DBE52"
        },
        {
            "name": "Красногвардейская",
            "number": "43",
            "color": "#4DBE52"
        },
        {
            "name": "Алма-Атинская",
            "number": "44",
            "color": "#4DBE52"
        },
        {
            "name": "Пятницкое шоссе",
            "number": "45",
            "color": "#2C75C4"
        },
        {
            "name": "Митино",
            "number": "46",
            "color": "#2C75C4"
        },
        {
            "name": "Волоколамская",
            "number": "47",
            "color": "#2C75C4"
        },
        {
            "name": "Мякинино",
            "number": "48",
            "color": "#2C75C4"
        },
        {
            "name": "Строгино",
            "number": "49",
            "color": "#2C75C4"
        },
        {
            "name": "Красносельская",
            "number": "5",
            "color": "#D92B2C"
        },
        {
            "name": "Крылатское",
            "number": "50",
            "color": "#2C75C4"
        },
        {
            "name": "Молодёжная",
            "number": "51",
            "color": "#2C75C4"
        },
        {
            "name": "Кунцевская",
            "number": "52",
            "color": "#2C75C4"
        },
        {
            "name": "Славянский бульвар",
            "number": "53",
            "color": "#2C75C4"
        },
        {
            "name": "Парк Победы",
            "number": "54",
            "color": "#2C75C4"
        },
        {
            "name": "Киевская",
            "number": "55",
            "color": "#2C75C4"
        },
        {
            "name": "Смоленская",
            "number": "56",
            "color": "#2C75C4"
        },
        {
            "name": "Арбатская",
            "number": "57",
            "color": "#2C75C4"
        },
        {
            "name": "Площадь Революции",
            "number": "58",
            "color": "#2C75C4"
        },
        {
            "name": "Курская",
            "number": "59",
            "color": "#2C75C4"
        },
        {
            "name": "Комсомольская",
            "number": "6",
            "color": "#D92B2C"
        },
        {
            "name": "Бауманская",
            "number": "60",
            "color": "#2C75C4"
        },
        {
            "name": "Электрозаводская",
            "number": "61",
            "color": "#2C75C4"
        },
        {
            "name": "Семёновская",
            "number": "62",
            "color": "#2C75C4"
        },
        {
            "name": "Партизанская",
            "number": "63",
            "color": "#2C75C4"
        },
        {
            "name": "Измайловская",
            "number": "64",
            "color": "#2C75C4"
        },
        {
            "name": "Первомайская",
            "number": "65",
            "color": "#2C75C4"
        },
        {
            "name": "Щёлковская",
            "number": "66",
            "color": "#2C75C4"
        },
        {
            "name": "Кунцевская",
            "number": "67",
            "color": "#4DC6F4"
        },
        {
            "name": "Пионерская",
            "number": "68",
            "color": "#4DC6F4"
        },
        {
            "name": "Филёвский парк",
            "number": "69",
            "color": "#4DC6F4"
        },
        {
            "name": "Красные Ворота",
            "number": "7",
            "color": "#D92B2C"
        },
        {
            "name": "Багратионовская",
            "number": "70",
            "color": "#4DC6F4"
        },
        {
            "name": "Фили",
            "number": "71",
            "color": "#4DC6F4"
        },
        {
            "name": "Кутузовская",
            "number": "72",
            "color": "#4DC6F4"
        },
        {
            "name": "Студенческая",
            "number": "73",
            "color": "#4DC6F4"
        },
        {
            "name": "Международная",
            "number": "74",
            "color": "#4DC6F4"
        },
        {
            "name": "Выставочная",
            "number": "75",
            "color": "#4DC6F4"
        },
        {
            "name": "Киевская",
            "number": "76",
            "color": "#4DC6F4"
        },
        {
            "name": "Смоленская",
            "number": "77",
            "color": "#4DC6F4"
        },
        {
            "name": "Арбатская",
            "number": "78",
            "color": "#4DC6F4"
        },
        {
            "name": "Александровский сад",
            "number": "79",
            "color": "#4DC6F4"
        },
        {
            "name": "Чистые пруды",
            "number": "8",
            "color": "#D92B2C"
        },
        {
            "name": "Лубянка",
            "number": "9",
            "color": "#D92B2C"
        },
        {
            "name": "Медведково",
            "number": "92",
            "color": "#F07025"
        },
        {
            "name": "Бабушкинская",
            "number": "93",
            "color": "#F07025"
        },
        {
            "name": "Свиблово",
            "number": "94",
            "color": "#F07025"
        },
        {
            "name": "Ботанический сад",
            "number": "95",
            "color": "#F07025"
        },
        {
            "name": "ВДНХ",
            "number": "96",
            "color": "#F07025"
        },
        {
            "name": "Алексеевская",
            "number": "97",
            "color": "#F07025"
        },
        {
            "name": "Рижская",
            "number": "98",
            "color": "#F07025"
        },
        {
            "name": "Проспект Мира",
            "number": "99",
            "color": "#F07025"
        }
    ]
}
]]></system-out>
  </testcase>
  <testcase name="testGetOrderListWithCourierId" classname="org.example.OrderListTests" time="4.543">
    <system-out><![CDATA[Request method:	POST
Request URI:	https://qa-scooter.praktikum-services.ru/api/v1/courier
Proxy:			<none>
Request params:	<none>
Query params:	<none>
Form params:	<none>
Path params:	<none>
Headers:		Accept=*/*
				Content-Type=application/json
Cookies:		<none>
Multiparts:		<none>
Body:
{
    "login": "ninja1751794803620",
    "password": "1234",
    "firstName": "Saske"
}
Created courierId: null
Request method:	POST
Request URI:	https://qa-scooter.praktikum-services.ru/api/v1/courier/login
Proxy:			<none>
Request params:	<none>
Query params:	<none>
Form params:	<none>
Path params:	<none>
Headers:		Accept=*/*
				Content-Type=application/json
Cookies:		<none>
Multiparts:		<none>
Body:
{
    "login": "ninja1751794803620",
    "password": "1234"
}
Request method:	GET
Request URI:	https://qa-scooter.praktikum-services.ru/api/v1/orders?courierId=565102
Proxy:			<none>
Request params:	<none>
Query params:	courierId=565102
Form params:	<none>
Path params:	<none>
Headers:		Accept=*/*
				Content-Type=application/json
Cookies:		<none>
Multiparts:		<none>
Body:			<none>
{
    "orders": [
        
    ],
    "pageInfo": {
        "page": 0,
        "total": 0,
        "limit": 30
    },
    "availableStations": [
        
    ]
}
]]></system-out>
  </testcase>
  <testcase name="testGetOrderListWithNearestStation" classname="org.example.OrderListTests" time="0.0">
    <skipped message="Disabled due to 500 error, investigate nearestStation format"/>
  </testcase>
</testsuite>